<?xml version="1.0" encoding="UTF-8"?>
<testng-results ignored="0" total="2" passed="2" failed="0" skipped="0">
  <reporter-output>
  </reporter-output>
  <suite started-at="2023-04-10T01:42:55 IST" name="Suite" finished-at="2023-04-10T01:43:26 IST" duration-ms="30794">
    <groups>
    </groups>
    <test started-at="2023-04-10T01:42:55 IST" name="Test" finished-at="2023-04-10T01:43:26 IST" duration-ms="30794">
      <class name="Project_T01.EbayScenario2">
        <test-method signature="accessProductViaSearch()[pri:0, instance:Project_T01.EbayScenario2@70e8f8e]" started-at="2023-04-10T01:43:17 IST" name="accessProductViaSearch" finished-at="2023-04-10T01:43:26 IST" duration-ms="8802" status="PASS">
          <reporter-output>
          </reporter-output>
        </test-method> <!-- accessProductViaSearch -->
      </class> <!-- Project_T01.EbayScenario2 -->
      <class name="Project_T01.EbayScenario1">
        <test-method signature="applyFiters()[pri:0, instance:Project_T01.EbayScenario1@61230f6a]" started-at="2023-04-10T01:42:55 IST" name="applyFiters" finished-at="2023-04-10T01:43:17 IST" duration-ms="21929" status="PASS">
          <reporter-output>
          </reporter-output>
        </test-method> <!-- applyFiters -->
      </class> <!-- Project_T01.EbayScenario1 -->
    </test> <!-- Test -->
  </suite> <!-- Suite -->
</testng-results>
